#
# There is insufficient memory for the Java Runtime Environment to continue.
# Native memory allocation (malloc) failed to allocate 1048576 bytes for AllocateHeap
# Possible reasons:
#   The system is out of physical RAM or swap space
#   The process is running with CompressedOops enabled, and the Java Heap may be blocking the growth of the native heap
# Possible solutions:
#   Reduce memory load on the system
#   Increase physical memory or swap space
#   Check if swap backing store is full
#   Decrease Java heap size (-Xmx/-Xms)
#   Decrease number of Java threads
#   Decrease Java thread stack sizes (-Xss)
#   Set larger code cache with -XX:ReservedCodeCacheSize=
#   JVM is running with Unscaled Compressed Oops mode in which the Java heap is
#     placed in the first 4GB address space. The Java Heap base address is the
#     maximum limit for the native heap growth. Please use -XX:HeapBaseMinAddress
#     to set the Java Heap base and to place the Java Heap above 4GB virtual address.
# This output file may be truncated or incomplete.
#
#  Out of Memory Error (src/hotspot/share/memory/allocation.cpp:46), pid=10920, tid=6224
#
# JRE version:  (11.0.15) (build )
# Java VM: OpenJDK 64-Bit Server VM (11.0.15+0-b2043.56-8887301, mixed mode, sharing, tiered, compressed oops, g1 gc, windows-amd64)
# No core dump will be written. Minidumps are not enabled by default on client versions of Windows
#

---------------  S U M M A R Y ------------

Command Line: org.jetbrains.kotlin.cli.jvm.K2JVMCompiler @C:\Users\pulki\AndroidStudioProjects\DiceRoller\app\build\20221030_506451958130143199.compiler.options

Host: AMD Ryzen 3 3200U with Radeon Vega Mobile Gfx  , 4 cores, 5G,  Windows 11 , 64 bit Build 22000 (10.0.22000.708)
Time: Sun Oct 30 17:57:38 2022 India Standard Time elapsed time: 0.041908 seconds (0d 0h 0m 0s)

---------------  T H R E A D  ---------------

Current thread (0x0000017f62a62800):  JavaThread "Unknown thread" [_thread_in_vm, id=6224, stack(0x00000042a0a00000,0x00000042a0b00000)]

Stack: [0x00000042a0a00000,0x00000042a0b00000]
Native frames: (J=compiled Java code, j=interpreted, Vv=VM code, C=native code)
V  [jvm.dll+0x64135a]
V  [jvm.dll+0x7d39f9]
V  [jvm.dll+0x7d51b9]
V  [jvm.dll+0x7d58a3]
V  [jvm.dll+0x2691c5]
V  [jvm.dll+0xb8874]
V  [jvm.dll+0x2fa4f8]
V  [jvm.dll+0x7accc7]
V  [jvm.dll+0x7ae49f]
V  [jvm.dll+0x37d299]
V  [jvm.dll+0x78ef9f]
V  [jvm.dll+0x3ec847]
V  [jvm.dll+0x3eed31]
C  [jli.dll+0x52cb]
C  [ucrtbase.dll+0x26c0c]
C  [KERNEL32.DLL+0x154e0]
C  [ntdll.dll+0x485b]


---------------  P R O C E S S  ---------------

Threads class SMR info:
_java_thread_list=0x0000017f60924a70, length=0, elements={
}

Java Threads: ( => current thread )

Other Threads:

=>0x0000017f62a62800 (exited) JavaThread "Unknown thread" [_thread_in_vm, id=6224, stack(0x00000042a0a00000,0x00000042a0b00000)]

Threads with active compile tasks:

VM state:not at safepoint (not fully initialized)

VM Mutex/Monitor currently owned by a thread: None


[error occurred during error reporting (printing compressed oops mode), id 0xc0000005, EXCEPTION_ACCESS_VIOLATION (0xc0000005) at pc=0x00007ffc9f3cdab7]

GC Heap History (0 events):
No events

Deoptimization events (0 events):
No events

Classes redefined (0 events):
No events

Internal exceptions (0 events):
No events

Events (1 events):
Event: 0.028 Loaded shared library C:\Program Files\Android\Android Studio\jbr\bin\zip.dll


Dynamic libraries:
0x00007ff7e69b0000 - 0x00007ff7e69ba000 	C:\Program Files\Android\Android Studio\jbr\bin\java.exe
0x00007ffce7420000 - 0x00007ffce7629000 	C:\WINDOWS\SYSTEM32\ntdll.dll
0x00007ffce6910000 - 0x00007ffce69cd000 	C:\WINDOWS\System32\KERNEL32.DLL
0x00007ffce4cc0000 - 0x00007ffce5039000 	C:\WINDOWS\System32\KERNELBASE.dll
0x00007ffce5040000 - 0x00007ffce5151000 	C:\WINDOWS\System32\ucrtbase.dll
0x00007ffcca170000 - 0x00007ffcca187000 	C:\Program Files\Android\Android Studio\jbr\bin\jli.dll
0x00007ffce52c0000 - 0x00007ffce546c000 	C:\WINDOWS\System32\USER32.dll
0x00007ffce5280000 - 0x00007ffce52a6000 	C:\WINDOWS\System32\win32u.dll
0x00007ffce5b10000 - 0x00007ffce5b39000 	C:\WINDOWS\System32\GDI32.dll
0x00007ffce5160000 - 0x00007ffce5272000 	C:\WINDOWS\System32\gdi32full.dll
0x00007ffce4c20000 - 0x00007ffce4cbd000 	C:\WINDOWS\System32\msvcp_win.dll
0x00007ffcca150000 - 0x00007ffcca16b000 	C:\Program Files\Android\Android Studio\jbr\bin\VCRUNTIME140.dll
0x00007ffcd26c0000 - 0x00007ffcd2965000 	C:\WINDOWS\WinSxS\amd64_microsoft.windows.common-controls_6595b64144ccf1df_6.0.22000.120_none_9d947278b86cc467\COMCTL32.dll
0x00007ffce6ca0000 - 0x00007ffce6d43000 	C:\WINDOWS\System32\msvcrt.dll
0x00007ffce5c40000 - 0x00007ffce5c71000 	C:\WINDOWS\System32\IMM32.DLL
0x00007ffcca0c0000 - 0x00007ffcca14d000 	C:\Program Files\Android\Android Studio\jbr\bin\msvcp140.dll
0x00007ffcd40b0000 - 0x00007ffcd40bc000 	C:\WINDOWS\SYSTEM32\VCRUNTIME140_1.dll
0x00007ffc9ec20000 - 0x00007ffc9f7dc000 	C:\Program Files\Android\Android Studio\jbr\bin\server\jvm.dll
0x00007ffce5510000 - 0x00007ffce55be000 	C:\WINDOWS\System32\ADVAPI32.dll
0x00007ffce5470000 - 0x00007ffce550e000 	C:\WINDOWS\System32\sechost.dll
0x00007ffce5d10000 - 0x00007ffce5e30000 	C:\WINDOWS\System32\RPCRT4.dll
0x00007ffce5c30000 - 0x00007ffce5c38000 	C:\WINDOWS\System32\PSAPI.DLL
0x00007ffcd7350000 - 0x00007ffcd7359000 	C:\WINDOWS\SYSTEM32\WSOCK32.dll
0x00007ffce7360000 - 0x00007ffce73cf000 	C:\WINDOWS\System32\WS2_32.dll
0x00007ffcde270000 - 0x00007ffcde2a3000 	C:\WINDOWS\SYSTEM32\WINMM.dll
0x00007ffcdc890000 - 0x00007ffcdc89a000 	C:\WINDOWS\SYSTEM32\VERSION.dll
0x00007ffce39c0000 - 0x00007ffce39d8000 	C:\WINDOWS\SYSTEM32\kernel.appcore.dll
0x00007ffcd7340000 - 0x00007ffcd7350000 	C:\Program Files\Android\Android Studio\jbr\bin\verify.dll
0x00007ffce2500000 - 0x00007ffce2721000 	C:\WINDOWS\SYSTEM32\DBGHELP.DLL
0x00007ffcd3fe0000 - 0x00007ffcd4011000 	C:\WINDOWS\SYSTEM32\dbgcore.DLL
0x00007ffce49c0000 - 0x00007ffce4a3f000 	C:\WINDOWS\System32\bcryptPrimitives.dll
0x00007ffccac10000 - 0x00007ffccac38000 	C:\Program Files\Android\Android Studio\jbr\bin\java.dll
0x00007ffcd7330000 - 0x00007ffcd733a000 	C:\Program Files\Android\Android Studio\jbr\bin\jimage.dll
0x00007ffccabf0000 - 0x00007ffccac08000 	C:\Program Files\Android\Android Studio\jbr\bin\zip.dll

dbghelp: loaded successfully - version: 4.0.5 - missing functions: none
symbol engine: initialized successfully - sym options: 0x614 - pdb path: .;C:\Program Files\Android\Android Studio\jbr\bin;C:\WINDOWS\SYSTEM32;C:\WINDOWS\WinSxS\amd64_microsoft.windows.common-controls_6595b64144ccf1df_6.0.22000.120_none_9d947278b86cc467;C:\Program Files\Android\Android Studio\jbr\bin\server

VM Arguments:
java_command: org.jetbrains.kotlin.cli.jvm.K2JVMCompiler @C:\Users\pulki\AndroidStudioProjects\DiceRoller\app\build\20221030_506451958130143199.compiler.options
java_class_path (initial): C:\Users\pulki\.gradle\caches\modules-2\files-2.1\org.jetbrains.kotlin\kotlin-compiler-embeddable\1.7.20\8db18559a581dd2c36ddfd5046af145650f5b126\kotlin-compiler-embeddable-1.7.20.jar;C:\Users\pulki\.gradle\caches\modules-2\files-2.1\org.jetbrains.kotlin\kotlin-reflect\1.7.20\12b2501e33bb6373e8e347c86d85481863629381\kotlin-reflect-1.7.20.jar;C:\Users\pulki\.gradle\caches\modules-2\files-2.1\org.jetbrains.kotlin\kotlin-stdlib\1.7.20\726594ea9ba2beb2ee113647fefa9a10f9fabe52\kotlin-stdlib-1.7.20.jar;C:\Users\pulki\.gradle\caches\modules-2\files-2.1\org.jetbrains.kotlin\kotlin-script-runtime\1.7.20\bcd1cc6f865e632550357fcc59f5ffd532615a8\kotlin-script-runtime-1.7.20.jar;C:\Users\pulki\.gradle\caches\modules-2\files-2.1\org.jetbrains.kotlin\kotlin-daemon-embeddable\1.7.20\1e24355adad8d529d75d5b19eab55484057431ba\kotlin-daemon-embeddable-1.7.20.jar;C:\Users\pulki\.gradle\caches\modules-2\files-2.1\org.jetbrains.intellij.deps\trove4j\1.0.20200330\3afb14d5f9ceb459d724e907a21145e8ff394f02\trove4j-1.0.20200330.jar;C:\Users\pulki\.gradle\caches\modules-2\files-2.1\net.java.dev.jna\jna\5.6.0\330f2244e9030119ab3030fc3fededc86713d9cc\jna-5.6.0.jar;C:\Users\pulki\.gradle\caches\modules-2\files-2.1\org.jetbrains.kotlin\kotlin-stdlib-common\1.7.20\e15351bdaf9fa06f009be5da7a202e4184f00ae3\kotlin-stdlib-common-1.7.20.jar;C:\Users\pulki\.gradle\caches\modules-2\files-2.1\org.jetbrains\annotations\13.0\919f0dfe192fb4e063e7dacadee7f8bb9a2672a9\annotations-13.0.jar
Launcher Type: SUN_STANDARD

[Global flags]
     intx CICompilerCount                          = 3                                         {product} {ergonomic}
     uint G1ConcRefinementThreads                  = 4                                         {product} {ergonomic}
   size_t G1HeapRegionSize                         = 1048576                                   {product} {ergonomic}
    uintx GCDrainStackTargetSize                   = 64                                        {product} {ergonomic}
   size_t InitialHeapSize                          = 100663296                                 {product} {ergonomic}
   size_t MaxHeapSize                              = 1595932672                                {product} {ergonomic}
   size_t MinHeapDeltaBytes                        = 1048576                                   {product} {ergonomic}
    uintx NonNMethodCodeHeapSize                   = 5830732                                {pd product} {ergonomic}
    uintx NonProfiledCodeHeapSize                  = 122913754                              {pd product} {ergonomic}
    uintx ProfiledCodeHeapSize                     = 122913754                              {pd product} {ergonomic}
    uintx ReservedCodeCacheSize                    = 251658240                              {pd product} {ergonomic}
     bool SegmentedCodeCache                       = true                                      {product} {ergonomic}
     bool UseCompressedClassPointers               = true                                 {lp64_product} {ergonomic}
     bool UseCompressedOops                        = true                                 {lp64_product} {ergonomic}
     bool UseG1GC                                  = true                                      {product} {ergonomic}
     bool UseLargePagesIndividualAllocation        = false                                  {pd product} {ergonomic}

Logging:
Log output configuration:
 #0: stdout all=warning uptime,level,tags
 #1: stderr all=off uptime,level,tags

Environment Variables:
PATH=C:\Python310\Scripts\;C:\Python310\;C:\Program Files (x86)\Common Files\Intel\Shared Libraries\redist\intel64\compiler;C:\Program Files\Common Files\Oracle\Java\javapath;C:\WINDOWS\system32;C:\WINDOWS;C:\WINDOWS\System32\Wbem;C:\WINDOWS\System32\WindowsPowerShell\v1.0\;C:\WINDOWS\System32\OpenSSH\;C:\Program Files\Java\jdk-11.0.8\bin;C:\Program Files\Git\cmd;C:\MinGW\bin;C:\Users\pulki\anaconda3;C:\Users\pulki\anaconda3\Library\mingw-w64\bin;C:\Users\pulki\anaconda3\Library\usr\bin;C:\Users\pulki\anaconda3\Library\bin;C:\Users\pulki\anaconda3\Scripts;C:\Users\pulki\AppData\Local\Programs\Python\Python39\Scripts\;C:\Users\pulki\AppData\Local\Programs\Python\Python39\;C:\Users\pulki\AppData\Local\Microsoft\WindowsApps;C:\Users\pulki\AppData\Local\Programs\Microsoft VS Code\bin;C:\adb;C:\WINDOWS\system32;C:\WINDOWS;C:\WINDOWS\System32\Wbem;C:\WINDOWS\System32\WindowsPowerShell\v1.0\;C:\WINDOWS\System32\OpenSSH\;C:\Program Files\dotnet\;C:\Program Files\nodejs\;C:\ProgramData\chocolatey\bin;C:\Program Files\MySQL\MySQL Server 8.0\bin;C:\Program Files\MySQL\MySQL Shell 8.0\bin\;C:\Users\pulki\anaconda3;C:\Users\pulki\anaconda3\Library\mingw-w64\bin;C:\Users\pulki\anaconda3\Library\usr\bin;C:\Users\pulki\anaconda3\Library\bin;C:\Users\pulki\anaconda3\Scripts;C:\Users\pulki\AppData\Local\Programs\Python\Python39\Scripts\;C:\Users\pulki\AppData\Local\Programs\Python\Python39\;C:\Users\pulki\AppData\Local\Microsoft\WindowsApps;C:\Users\pulki\AppData\Local\Programs\Microsoft VS Code\bin;C:\Users\pulki\.dotnet\tools;C:\Users\pulki\AppData\Roaming\npm;
USERNAME=Pulkit
OS=Windows_NT
PROCESSOR_IDENTIFIER=AMD64 Family 23 Model 24 Stepping 1, AuthenticAMD



---------------  S Y S T E M  ---------------

OS: Windows 11 , 64 bit Build 22000 (10.0.22000.708)
OS uptime: 8 days 2:29 hours
Hyper-V role detected

CPU:total 4 (initial active 4) (4 cores per cpu, 2 threads per core) family 23 model 24 stepping 1 microcode 0x0, cmov, cx8, fxsr, mmx, sse, sse2, sse3, ssse3, sse4.1, sse4.2, popcnt, avx, avx2, aes, clmul, mmxext, 3dnowpref, lzcnt, sse4a, ht, tsc, tscinvbit, tscinv, bmi1, bmi2, adx, sha, fma

Memory: 4k page, system-wide physical 6082M (209M free)
TotalPageFile size 11187M (AvailPageFile size 5M)
current process WorkingSet (physical memory assigned to process): 9M, peak: 9M
current process commit charge ("private bytes"): 13M, peak: 14M

vm_info: OpenJDK 64-Bit Server VM (11.0.15+0-b2043.56-8887301) for windows-amd64 JRE (11.0.15+0-b2043.56-8887301), built on Jul 29 2022 23:19:47 by "builduser" with unknown MS VC++:1929

END.
